<?xml version="1.0" encoding="UTF-8"?>
<coverage generated="1435046534">
  <project timestamp="1435046534">
    <package name="Jowy\Routing">
      <file name="/home/jowy/Project/relay-routing-middleware/src/Routing.php">
        <class name="Routing" namespace="Jowy\Routing" fullPackage="Jowy" package="Jowy">
          <metrics methods="2" coveredmethods="2" conditionals="0" coveredconditionals="0" statements="77" coveredstatements="77" elements="79" coveredelements="79"/>
        </class>
        <line num="36" type="method" name="__construct" crap="16" count="15"/>
        <line num="41" type="stmt" count="15"/>
        <line num="42" type="stmt" count="1"/>
        <line num="43" type="stmt" count="1"/>
        <line num="44" type="stmt" count="1"/>
        <line num="50" type="stmt" count="14"/>
        <line num="51" type="stmt" count="1"/>
        <line num="52" type="stmt" count="1"/>
        <line num="53" type="stmt" count="1"/>
        <line num="59" type="stmt" count="13"/>
        <line num="60" type="stmt" count="1"/>
        <line num="61" type="stmt" count="1"/>
        <line num="62" type="stmt" count="1"/>
        <line num="68" type="stmt" count="12"/>
        <line num="72" type="stmt" count="3"/>
        <line num="73" type="stmt" count="1"/>
        <line num="74" type="stmt" count="1"/>
        <line num="75" type="stmt" count="1"/>
        <line num="81" type="stmt" count="2"/>
        <line num="82" type="stmt" count="1"/>
        <line num="83" type="stmt" count="1"/>
        <line num="84" type="stmt" count="1"/>
        <line num="85" type="stmt" count="1"/>
        <line num="86" type="stmt" count="1"/>
        <line num="88" type="stmt" count="2"/>
        <line num="93" type="stmt" count="11"/>
        <line num="94" type="stmt" count="11"/>
        <line num="95" type="stmt" count="11"/>
        <line num="96" type="stmt" count="11"/>
        <line num="98" type="stmt" count="11"/>
        <line num="103" type="stmt" count="11"/>
        <line num="104" type="stmt" count="2"/>
        <line num="105" type="stmt" count="2"/>
        <line num="110" type="stmt" count="11"/>
        <line num="111" type="stmt" count="11"/>
        <line num="112" type="stmt" count="1"/>
        <line num="113" type="stmt" count="1"/>
        <line num="114" type="stmt" count="1"/>
        <line num="117" type="stmt" count="10"/>
        <line num="118" type="stmt" count="10"/>
        <line num="130" type="method" name="__invoke" crap="12" count="9"/>
        <line num="132" type="stmt" count="9"/>
        <line num="134" type="stmt" count="9"/>
        <line num="138" type="stmt" count="9"/>
        <line num="139" type="stmt" count="1"/>
        <line num="144" type="stmt" count="8"/>
        <line num="145" type="stmt" count="1"/>
        <line num="150" type="stmt" count="7"/>
        <line num="151" type="stmt" count="7"/>
        <line num="152" type="stmt" count="3"/>
        <line num="153" type="stmt" count="3"/>
        <line num="156" type="stmt" count="4"/>
        <line num="158" type="stmt" count="4"/>
        <line num="159" type="stmt" count="1"/>
        <line num="162" type="stmt" count="3"/>
        <line num="164" type="stmt" count="3"/>
        <line num="165" type="stmt" count="1"/>
        <line num="168" type="stmt" count="2"/>
        <line num="170" type="stmt" count="2"/>
        <line num="175" type="stmt" count="2"/>
        <line num="176" type="stmt" count="2"/>
        <line num="177" type="stmt" count="1"/>
        <line num="178" type="stmt" count="1"/>
        <line num="179" type="stmt" count="1"/>
        <line num="182" type="stmt" count="1"/>
        <line num="183" type="stmt" count="1"/>
        <line num="184" type="stmt" count="1"/>
        <line num="186" type="stmt" count="1"/>
        <line num="187" type="stmt" count="1"/>
        <line num="188" type="stmt" count="1"/>
        <line num="189" type="stmt" count="2"/>
        <line num="194" type="stmt" count="2"/>
        <line num="195" type="stmt" count="2"/>
        <line num="196" type="stmt" count="5"/>
        <line num="198" type="stmt" count="5"/>
        <line num="199" type="stmt" count="1"/>
        <line num="200" type="stmt" count="1"/>
        <line num="201" type="stmt" count="1"/>
        <line num="203" type="stmt" count="4"/>
        <metrics loc="205" ncloc="139" classes="1" methods="2" coveredmethods="2" conditionals="0" coveredconditionals="0" statements="77" coveredstatements="77" elements="79" coveredelements="79"/>
      </file>
    </package>
    <metrics files="1" loc="205" ncloc="139" classes="1" methods="2" coveredmethods="2" conditionals="0" coveredconditionals="0" statements="77" coveredstatements="77" elements="79" coveredelements="79"/>
  </project>
</coverage>
