<?xml version="1.0" encoding="UTF-8"?>
<coverage generated="1435038978">
  <project timestamp="1435038978">
    <package name="Jowy\Routing">
      <file name="/home/jowy/Project/relay-routing-middleware/src/Routing.php">
        <class name="Routing" namespace="Jowy\Routing" fullPackage="Jowy" package="Jowy">
          <metrics methods="2" coveredmethods="2" conditionals="0" coveredconditionals="0" statements="50" coveredstatements="50" elements="52" coveredelements="52"/>
        </class>
        <line num="35" type="method" name="__construct" crap="16" count="11"/>
        <line num="40" type="stmt" count="11"/>
        <line num="41" type="stmt" count="1"/>
        <line num="42" type="stmt" count="1"/>
        <line num="43" type="stmt" count="1"/>
        <line num="49" type="stmt" count="10"/>
        <line num="50" type="stmt" count="1"/>
        <line num="51" type="stmt" count="1"/>
        <line num="52" type="stmt" count="1"/>
        <line num="58" type="stmt" count="9"/>
        <line num="59" type="stmt" count="1"/>
        <line num="60" type="stmt" count="1"/>
        <line num="61" type="stmt" count="1"/>
        <line num="67" type="stmt" count="8"/>
        <line num="71" type="stmt" count="3"/>
        <line num="72" type="stmt" count="1"/>
        <line num="73" type="stmt" count="1"/>
        <line num="74" type="stmt" count="1"/>
        <line num="80" type="stmt" count="2"/>
        <line num="81" type="stmt" count="1"/>
        <line num="82" type="stmt" count="1"/>
        <line num="83" type="stmt" count="1"/>
        <line num="84" type="stmt" count="1"/>
        <line num="85" type="stmt" count="1"/>
        <line num="87" type="stmt" count="2"/>
        <line num="92" type="stmt" count="7"/>
        <line num="93" type="stmt" count="7"/>
        <line num="94" type="stmt" count="7"/>
        <line num="95" type="stmt" count="7"/>
        <line num="97" type="stmt" count="7"/>
        <line num="102" type="stmt" count="7"/>
        <line num="103" type="stmt" count="2"/>
        <line num="104" type="stmt" count="2"/>
        <line num="109" type="stmt" count="7"/>
        <line num="110" type="stmt" count="7"/>
        <line num="111" type="stmt" count="1"/>
        <line num="112" type="stmt" count="1"/>
        <line num="113" type="stmt" count="1"/>
        <line num="116" type="stmt" count="6"/>
        <line num="117" type="stmt" count="6"/>
        <line num="125" type="method" name="__invoke" crap="4" count="5"/>
        <line num="127" type="stmt" count="5"/>
        <line num="129" type="stmt" count="5"/>
        <line num="133" type="stmt" count="5"/>
        <line num="134" type="stmt" count="1"/>
        <line num="139" type="stmt" count="4"/>
        <line num="140" type="stmt" count="1"/>
        <line num="145" type="stmt" count="3"/>
        <line num="146" type="stmt" count="3"/>
        <line num="147" type="stmt" count="3"/>
        <line num="148" type="stmt" count="3"/>
        <line num="150" type="stmt" count="3"/>
        <metrics loc="152" ncloc="97" classes="1" methods="2" coveredmethods="2" conditionals="0" coveredconditionals="0" statements="50" coveredstatements="50" elements="52" coveredelements="52"/>
      </file>
    </package>
    <metrics files="1" loc="152" ncloc="97" classes="1" methods="2" coveredmethods="2" conditionals="0" coveredconditionals="0" statements="50" coveredstatements="50" elements="52" coveredelements="52"/>
  </project>
</coverage>
